0 info it worked if it ends with ok
1 verbose cli [ '/Users/Arthur/.nvm/versions/node/v6.11.5/bin/node',
1 verbose cli   '/Users/Arthur/.nvm/versions/node/v6.11.5/bin/npm',
1 verbose cli   'run',
1 verbose cli   'build:watch' ]
2 info using npm@3.10.10
3 info using node@v6.11.5
4 verbose run-script [ 'prebuild:watch', 'build:watch', 'postbuild:watch' ]
5 info lifecycle mvp-arthur@1.0.0~prebuild:watch: mvp-arthur@1.0.0
6 silly lifecycle mvp-arthur@1.0.0~prebuild:watch: no script for prebuild:watch, continuing
7 info lifecycle mvp-arthur@1.0.0~build:watch: mvp-arthur@1.0.0
8 verbose lifecycle mvp-arthur@1.0.0~build:watch: unsafe-perm in lifecycle true
9 verbose lifecycle mvp-arthur@1.0.0~build:watch: PATH: /Users/Arthur/.nvm/versions/node/v6.11.5/lib/node_modules/npm/bin/node-gyp-bin:/Users/Arthur/Desktop/HRR27/mvp-arthur/node_modules/.bin:/Users/Arthur/.nvm/versions/node/v6.11.5/bin:/usr/local/bin:/usr/bin:/bin:/usr/sbin:/sbin
10 verbose lifecycle mvp-arthur@1.0.0~build:watch: CWD: /Users/Arthur/Desktop/HRR27/mvp-arthur
11 silly lifecycle mvp-arthur@1.0.0~build:watch: Args: [ '-c',
11 silly lifecycle   'babel ./client/components --out-dir ./client/static  --presets=es2015,react --ignore=node_modules  --source-maps inline --watch' ]
12 silly lifecycle mvp-arthur@1.0.0~build:watch: Returned: code: 1  signal: null
13 info lifecycle mvp-arthur@1.0.0~build:watch: Failed to exec build:watch script
14 verbose stack Error: mvp-arthur@1.0.0 build:watch: `babel ./client/components --out-dir ./client/static  --presets=es2015,react --ignore=node_modules  --source-maps inline --watch`
14 verbose stack Exit status 1
14 verbose stack     at EventEmitter.<anonymous> (/Users/Arthur/.nvm/versions/node/v6.11.5/lib/node_modules/npm/lib/utils/lifecycle.js:255:16)
14 verbose stack     at emitTwo (events.js:106:13)
14 verbose stack     at EventEmitter.emit (events.js:191:7)
14 verbose stack     at ChildProcess.<anonymous> (/Users/Arthur/.nvm/versions/node/v6.11.5/lib/node_modules/npm/lib/utils/spawn.js:40:14)
14 verbose stack     at emitTwo (events.js:106:13)
14 verbose stack     at ChildProcess.emit (events.js:191:7)
14 verbose stack     at maybeClose (internal/child_process.js:920:16)
14 verbose stack     at Process.ChildProcess._handle.onexit (internal/child_process.js:230:5)
15 verbose pkgid mvp-arthur@1.0.0
16 verbose cwd /Users/Arthur/Desktop/HRR27/mvp-arthur
17 error Darwin 15.5.0
18 error argv "/Users/Arthur/.nvm/versions/node/v6.11.5/bin/node" "/Users/Arthur/.nvm/versions/node/v6.11.5/bin/npm" "run" "build:watch"
19 error node v6.11.5
20 error npm  v3.10.10
21 error code ELIFECYCLE
22 error mvp-arthur@1.0.0 build:watch: `babel ./client/components --out-dir ./client/static  --presets=es2015,react --ignore=node_modules  --source-maps inline --watch`
22 error Exit status 1
23 error Failed at the mvp-arthur@1.0.0 build:watch script 'babel ./client/components --out-dir ./client/static  --presets=es2015,react --ignore=node_modules  --source-maps inline --watch'.
23 error Make sure you have the latest version of node.js and npm installed.
23 error If you do, this is most likely a problem with the mvp-arthur package,
23 error not with npm itself.
23 error Tell the author that this fails on your system:
23 error     babel ./client/components --out-dir ./client/static  --presets=es2015,react --ignore=node_modules  --source-maps inline --watch
23 error You can get information on how to open an issue for this project with:
23 error     npm bugs mvp-arthur
23 error Or if that isn't available, you can get their info via:
23 error     npm owner ls mvp-arthur
23 error There is likely additional logging output above.
24 verbose exit [ 1, true ]
